<?xml version="1.0" encoding="UTF-8"?>
<!-- Generated by org.testng.reporters.JUnitReportReporter -->
<testsuite hostname="DESKTOP-FMK4447" failures="0" tests="1" name="runner.TestRunner" time="55.054" errors="0" timestamp="2022-07-03T14:51:16 IST" skipped="0">
  <testcase classname="runner.TestRunner" name="t1" time="55.054"/>
  <system-out/>
</testsuite> <!-- runner.TestRunner -->
